{"name": "test_add_course", "status": "broken", "statusDetails": {"message": "selenium.common.exceptions.NoSuchElementException: Message: Cannot locate option with value: cc8fe4a9-2eea-4908-a07b-04d6833f5070", "trace": "self = <UI_automation.test_case.test_teach.Test_teachstu object at 0x040492D0>\nbrowser = <selenium.webdriver.chrome.webdriver.WebDriver (session=\"af54bde5cea89eb735f31817754b5fdd\")>\nlog_up = <commen.log.Log object at 0x040BA9B0>\n\n    @allure.description('添加课程，后取消排课')\n    def test_add_course(self, browser, log_up):        #登录后点击添加学员按钮\n        try:\n            log_up.info('测试用例：添加课程')\n            loginsuccess(browser)\n            teacher = Teach_page(browser)  # 实例化登录后的页面对象（mainpage）\n>           teacher.addcourse()\n\ntest_case\\test_teach.py:16: \n_ _ _ _ _ _ _ _ _ _ _ _ _ _ _ _ _ _ _ _ _ _ _ _ _ _ _ _ _ _ _ _ _ _ _ _ _ _ _ _\npages\\teach_page.py:19: in addcourse\n    self.select_value('ddlClassroom', value)\ncommen\\base.py:306: in select_value\n    Select(m).select_by_value(value2)\n_ _ _ _ _ _ _ _ _ _ _ _ _ _ _ _ _ _ _ _ _ _ _ _ _ _ _ _ _ _ _ _ _ _ _ _ _ _ _ _\n\nself = <selenium.webdriver.support.select.Select object at 0x040E8E90>\nvalue = 'cc8fe4a9-2eea-4908-a07b-04d6833f5070'\n\n    def select_by_value(self, value):\n        \"\"\"Select all options that have a value matching the argument. That is, when given \"foo\" this\n           would select an option like:\n    \n           <option value=\"foo\">Bar</option>\n    \n           :Args:\n            - value - The value to match against\n    \n           throws NoSuchElementException If there is no option with specisied value in SELECT\n           \"\"\"\n        css = \"option[value =%s]\" % self._escapeString(value)\n        opts = self._el.find_elements(By.CSS_SELECTOR, css)\n        matched = False\n        for opt in opts:\n            self._setSelected(opt)\n            if not self.is_multiple:\n                return\n            matched = True\n        if not matched:\n>           raise NoSuchElementException(\"Cannot locate option with value: %s\" % value)\nE           selenium.common.exceptions.NoSuchElementException: Message: Cannot locate option with value: cc8fe4a9-2eea-4908-a07b-04d6833f5070\n\nvenv\\lib\\site-packages\\selenium\\webdriver\\support\\select.py:87: NoSuchElementException"}, "description": "添加课程，后取消排课", "steps": [{"name": "添加失败截图...", "status": "passed", "attachments": [{"name": "失败截图", "source": "a3f53473-0781-4263-894e-ec70702696ff-attachment.png", "type": "image/png"}], "start": 1602211868315, "stop": 1602211868599}], "attachments": [{"name": "log", "source": "91add990-213e-4e35-9cb3-0564b5af32d9-attachment.txt", "type": "text/plain"}, {"name": "stdout", "source": "4180d2f5-7224-4496-8e36-586f62b73210-attachment.txt", "type": "text/plain"}, {"name": "stderr", "source": "1c664ee5-14ad-428b-bf29-a0c4241508d1-attachment.txt", "type": "text/plain"}], "start": 1602211857871, "stop": 1602211868246, "uuid": "3e7936af-dd8c-4904-b342-a93f6f53ffc3", "historyId": "78f29684fb09abeb8e6fd4cb67461a2e", "testCaseId": "57a60f26a791ca1f878ff87b1a1f5c45", "fullName": "test_case.test_teach.Test_teachstu#test_add_course", "labels": [{"name": "parentSuite", "value": "test_case"}, {"name": "suite", "value": "test_teach"}, {"name": "subSuite", "value": "Test_teachstu"}, {"name": "host", "value": "TX5C3S1L7D31UYD"}, {"name": "thread", "value": "11188-MainThread"}, {"name": "framework", "value": "pytest"}, {"name": "language", "value": "cpython3"}, {"name": "package", "value": "test_case.test_teach"}]}