{"name": "test_add_course", "status": "broken", "statusDetails": {"message": "selenium.common.exceptions.TimeoutException: Message:", "trace": "self = <UI_automation.test_case.test_teach.Test_teachstu object at 0x017521B0>\nbrowser = <selenium.webdriver.chrome.webdriver.WebDriver (session=\"45369f8a9bb190e18f6813b4a8633f3d\")>\nlog_up = <commen.log.Log object at 0x05046190>\n\n    @allure.description('添加课程，后取消排课')\n    def test_add_course(self, browser, log_up):        #登录后点击添加学员按钮\n        try:\n            log_up.info('测试用例：添加课程')\n            loginsuccess(browser)\n            teacher = Teach_page(browser)  # 实例化登录后的页面对象（mainpage）\n>           teacher.addcourse()\n\ntest_case\\test_teach.py:16: \n_ _ _ _ _ _ _ _ _ _ _ _ _ _ _ _ _ _ _ _ _ _ _ _ _ _ _ _ _ _ _ _ _ _ _ _ _ _ _ _\npages\\teach_page.py:12: in addcourse\n    self.waitelement('class_name', 3, 'contentTd')\ncommen\\base.py:407: in waitelement\n    WebDriverWait(self.driver, waittime).until(lambda x: x.find_element_by_class_name(value))\n_ _ _ _ _ _ _ _ _ _ _ _ _ _ _ _ _ _ _ _ _ _ _ _ _ _ _ _ _ _ _ _ _ _ _ _ _ _ _ _\n\nself = <selenium.webdriver.support.wait.WebDriverWait (session=\"45369f8a9bb190e18f6813b4a8633f3d\")>\nmethod = <function BaseMethod.waitelement.<locals>.<lambda> at 0x00FBA930>\nmessage = ''\n\n    def until(self, method, message=''):\n        \"\"\"Calls the method provided with the driver as an argument until the \\\n        return value is not False.\"\"\"\n        screen = None\n        stacktrace = None\n    \n        end_time = time.time() + self._timeout\n        while True:\n            try:\n                value = method(self._driver)\n                if value:\n                    return value\n            except self._ignored_exceptions as exc:\n                screen = getattr(exc, 'screen', None)\n                stacktrace = getattr(exc, 'stacktrace', None)\n            time.sleep(self._poll)\n            if time.time() > end_time:\n                break\n>       raise TimeoutException(message, screen, stacktrace)\nE       selenium.common.exceptions.TimeoutException: Message:\n\nvenv\\lib\\site-packages\\selenium\\webdriver\\support\\wait.py:80: TimeoutException"}, "description": "添加课程，后取消排课", "steps": [{"name": "添加失败截图...", "status": "passed", "attachments": [{"name": "失败截图", "source": "0efdcc3c-9954-47aa-985e-94eb997515fb-attachment.png", "type": "image/png"}], "start": 1602467335579, "stop": 1602467335952}], "attachments": [{"name": "log", "source": "1ea99241-2d45-4884-864c-65e475a0a62e-attachment.txt", "type": "text/plain"}, {"name": "stdout", "source": "b24da7fe-ad9a-48c7-947f-a78dac0ec193-attachment.txt", "type": "text/plain"}, {"name": "stderr", "source": "15dfe80f-64f7-4438-9ef3-7db80b4680d8-attachment.txt", "type": "text/plain"}], "start": 1602467329479, "stop": 1602467335515, "uuid": "b9c069d4-f358-46bc-89c2-9782e851f172", "historyId": "78f29684fb09abeb8e6fd4cb67461a2e", "testCaseId": "57a60f26a791ca1f878ff87b1a1f5c45", "fullName": "test_case.test_teach.Test_teachstu#test_add_course", "labels": [{"name": "parentSuite", "value": "test_case"}, {"name": "suite", "value": "test_teach"}, {"name": "subSuite", "value": "Test_teachstu"}, {"name": "host", "value": "TX5C3S1L7D31UYD"}, {"name": "thread", "value": "14796-MainThread"}, {"name": "framework", "value": "pytest"}, {"name": "language", "value": "cpython3"}, {"name": "package", "value": "test_case.test_teach"}]}