{
  "uid" : "89d02baf5ec131b2",
  "name" : "test_add_course",
  "fullName" : "test_case.test_teach.Test_teachstu#test_add_course",
  "historyId" : "78f29684fb09abeb8e6fd4cb67461a2e",
  "time" : {
    "start" : 1602211857871,
    "stop" : 1602211868246,
    "duration" : 10375
  },
  "description" : "添加课程，后取消排课",
  "descriptionHtml" : "<p>添加课程，后取消排课</p>\n",
  "status" : "broken",
  "statusMessage" : "selenium.common.exceptions.NoSuchElementException: Message: Cannot locate option with value: cc8fe4a9-2eea-4908-a07b-04d6833f5070",
  "statusTrace" : "self = <UI_automation.test_case.test_teach.Test_teachstu object at 0x040492D0>\nbrowser = <selenium.webdriver.chrome.webdriver.WebDriver (session=\"af54bde5cea89eb735f31817754b5fdd\")>\nlog_up = <commen.log.Log object at 0x040BA9B0>\n\n    @allure.description('添加课程，后取消排课')\n    def test_add_course(self, browser, log_up):        #登录后点击添加学员按钮\n        try:\n            log_up.info('测试用例：添加课程')\n            loginsuccess(browser)\n            teacher = Teach_page(browser)  # 实例化登录后的页面对象（mainpage）\n>           teacher.addcourse()\n\ntest_case\\test_teach.py:16: \n_ _ _ _ _ _ _ _ _ _ _ _ _ _ _ _ _ _ _ _ _ _ _ _ _ _ _ _ _ _ _ _ _ _ _ _ _ _ _ _\npages\\teach_page.py:19: in addcourse\n    self.select_value('ddlClassroom', value)\ncommen\\base.py:306: in select_value\n    Select(m).select_by_value(value2)\n_ _ _ _ _ _ _ _ _ _ _ _ _ _ _ _ _ _ _ _ _ _ _ _ _ _ _ _ _ _ _ _ _ _ _ _ _ _ _ _\n\nself = <selenium.webdriver.support.select.Select object at 0x040E8E90>\nvalue = 'cc8fe4a9-2eea-4908-a07b-04d6833f5070'\n\n    def select_by_value(self, value):\n        \"\"\"Select all options that have a value matching the argument. That is, when given \"foo\" this\n           would select an option like:\n    \n           <option value=\"foo\">Bar</option>\n    \n           :Args:\n            - value - The value to match against\n    \n           throws NoSuchElementException If there is no option with specisied value in SELECT\n           \"\"\"\n        css = \"option[value =%s]\" % self._escapeString(value)\n        opts = self._el.find_elements(By.CSS_SELECTOR, css)\n        matched = False\n        for opt in opts:\n            self._setSelected(opt)\n            if not self.is_multiple:\n                return\n            matched = True\n        if not matched:\n>           raise NoSuchElementException(\"Cannot locate option with value: %s\" % value)\nE           selenium.common.exceptions.NoSuchElementException: Message: Cannot locate option with value: cc8fe4a9-2eea-4908-a07b-04d6833f5070\n\nvenv\\lib\\site-packages\\selenium\\webdriver\\support\\select.py:87: NoSuchElementException",
  "flaky" : false,
  "newFailed" : false,
  "beforeStages" : [ {
    "name" : "browser",
    "time" : {
      "start" : 1602211852227,
      "stop" : 1602211857869,
      "duration" : 5642
    },
    "status" : "passed",
    "steps" : [ ],
    "attachments" : [ ],
    "parameters" : [ ],
    "shouldDisplayMessage" : false,
    "attachmentsCount" : 0,
    "stepsCount" : 0,
    "hasContent" : false
  }, {
    "name" : "teardown_func",
    "time" : {
      "start" : 1602211857870,
      "stop" : 1602211857870,
      "duration" : 0
    },
    "status" : "passed",
    "steps" : [ ],
    "attachments" : [ ],
    "parameters" : [ ],
    "shouldDisplayMessage" : false,
    "attachmentsCount" : 0,
    "stepsCount" : 0,
    "hasContent" : false
  }, {
    "name" : "log_up",
    "time" : {
      "start" : 1602211857869,
      "stop" : 1602211857869,
      "duration" : 0
    },
    "status" : "passed",
    "steps" : [ ],
    "attachments" : [ ],
    "parameters" : [ ],
    "shouldDisplayMessage" : false,
    "attachmentsCount" : 0,
    "stepsCount" : 0,
    "hasContent" : false
  } ],
  "testStage" : {
    "description" : "添加课程，后取消排课",
    "status" : "broken",
    "statusMessage" : "selenium.common.exceptions.NoSuchElementException: Message: Cannot locate option with value: cc8fe4a9-2eea-4908-a07b-04d6833f5070",
    "statusTrace" : "self = <UI_automation.test_case.test_teach.Test_teachstu object at 0x040492D0>\nbrowser = <selenium.webdriver.chrome.webdriver.WebDriver (session=\"af54bde5cea89eb735f31817754b5fdd\")>\nlog_up = <commen.log.Log object at 0x040BA9B0>\n\n    @allure.description('添加课程，后取消排课')\n    def test_add_course(self, browser, log_up):        #登录后点击添加学员按钮\n        try:\n            log_up.info('测试用例：添加课程')\n            loginsuccess(browser)\n            teacher = Teach_page(browser)  # 实例化登录后的页面对象（mainpage）\n>           teacher.addcourse()\n\ntest_case\\test_teach.py:16: \n_ _ _ _ _ _ _ _ _ _ _ _ _ _ _ _ _ _ _ _ _ _ _ _ _ _ _ _ _ _ _ _ _ _ _ _ _ _ _ _\npages\\teach_page.py:19: in addcourse\n    self.select_value('ddlClassroom', value)\ncommen\\base.py:306: in select_value\n    Select(m).select_by_value(value2)\n_ _ _ _ _ _ _ _ _ _ _ _ _ _ _ _ _ _ _ _ _ _ _ _ _ _ _ _ _ _ _ _ _ _ _ _ _ _ _ _\n\nself = <selenium.webdriver.support.select.Select object at 0x040E8E90>\nvalue = 'cc8fe4a9-2eea-4908-a07b-04d6833f5070'\n\n    def select_by_value(self, value):\n        \"\"\"Select all options that have a value matching the argument. That is, when given \"foo\" this\n           would select an option like:\n    \n           <option value=\"foo\">Bar</option>\n    \n           :Args:\n            - value - The value to match against\n    \n           throws NoSuchElementException If there is no option with specisied value in SELECT\n           \"\"\"\n        css = \"option[value =%s]\" % self._escapeString(value)\n        opts = self._el.find_elements(By.CSS_SELECTOR, css)\n        matched = False\n        for opt in opts:\n            self._setSelected(opt)\n            if not self.is_multiple:\n                return\n            matched = True\n        if not matched:\n>           raise NoSuchElementException(\"Cannot locate option with value: %s\" % value)\nE           selenium.common.exceptions.NoSuchElementException: Message: Cannot locate option with value: cc8fe4a9-2eea-4908-a07b-04d6833f5070\n\nvenv\\lib\\site-packages\\selenium\\webdriver\\support\\select.py:87: NoSuchElementException",
    "steps" : [ {
      "name" : "添加失败截图...",
      "time" : {
        "start" : 1602211868315,
        "stop" : 1602211868599,
        "duration" : 284
      },
      "status" : "passed",
      "steps" : [ ],
      "attachments" : [ {
        "uid" : "7fb6bc150626c2ed",
        "name" : "失败截图",
        "source" : "7fb6bc150626c2ed.png",
        "type" : "image/png",
        "size" : 72097
      } ],
      "parameters" : [ ],
      "shouldDisplayMessage" : false,
      "attachmentsCount" : 1,
      "stepsCount" : 0,
      "hasContent" : true
    } ],
    "attachments" : [ {
      "uid" : "b478ac1a66036915",
      "name" : "log",
      "source" : "b478ac1a66036915.txt",
      "type" : "text/plain",
      "size" : 44094
    }, {
      "uid" : "8cfd39c79ac785f",
      "name" : "stdout",
      "source" : "8cfd39c79ac785f.txt",
      "type" : "text/plain",
      "size" : 101
    }, {
      "uid" : "6630a3b54da5f3cd",
      "name" : "stderr",
      "source" : "6630a3b54da5f3cd.txt",
      "type" : "text/plain",
      "size" : 364
    } ],
    "parameters" : [ ],
    "shouldDisplayMessage" : true,
    "attachmentsCount" : 4,
    "stepsCount" : 1,
    "hasContent" : true
  },
  "afterStages" : [ {
    "name" : "browser::0",
    "time" : {
      "start" : 1602211868676,
      "stop" : 1602211870892,
      "duration" : 2216
    },
    "status" : "passed",
    "steps" : [ ],
    "attachments" : [ ],
    "parameters" : [ ],
    "shouldDisplayMessage" : false,
    "attachmentsCount" : 0,
    "stepsCount" : 0,
    "hasContent" : false
  }, {
    "name" : "teardown_func::0",
    "time" : {
      "start" : 1602211868600,
      "stop" : 1602211868673,
      "duration" : 73
    },
    "status" : "passed",
    "steps" : [ ],
    "attachments" : [ ],
    "parameters" : [ ],
    "shouldDisplayMessage" : false,
    "attachmentsCount" : 0,
    "stepsCount" : 0,
    "hasContent" : false
  } ],
  "labels" : [ {
    "name" : "parentSuite",
    "value" : "test_case"
  }, {
    "name" : "suite",
    "value" : "test_teach"
  }, {
    "name" : "subSuite",
    "value" : "Test_teachstu"
  }, {
    "name" : "host",
    "value" : "TX5C3S1L7D31UYD"
  }, {
    "name" : "thread",
    "value" : "11188-MainThread"
  }, {
    "name" : "framework",
    "value" : "pytest"
  }, {
    "name" : "language",
    "value" : "cpython3"
  }, {
    "name" : "package",
    "value" : "test_case.test_teach"
  }, {
    "name" : "resultFormat",
    "value" : "allure2"
  } ],
  "parameters" : [ ],
  "links" : [ ],
  "hidden" : true,
  "retry" : true,
  "extra" : {
    "categories" : [ ],
    "tags" : [ ]
  },
  "source" : "89d02baf5ec131b2.json",
  "parameterValues" : [ ]
}