{
  "uid" : "c89b5a4930e1037a",
  "name" : "test_add_course",
  "fullName" : "test_case.test_teach.Test_teachstu#test_add_course",
  "historyId" : "78f29684fb09abeb8e6fd4cb67461a2e",
  "time" : {
    "start" : 1603071019045,
    "stop" : 1603071026200,
    "duration" : 7155
  },
  "description" : "添加课程，后取消排课",
  "descriptionHtml" : "<p>添加课程，后取消排课</p>\n",
  "status" : "broken",
  "statusMessage" : "selenium.common.exceptions.NoSuchElementException: Message: no such element: Unable to locate element: {\"method\":\"css selector\",\"selector\":\"[title=\"班级:韩语课程\"]\"}\n  (Session info: chrome=86.0.4240.75)",
  "statusTrace" : "self = <UI_automation.test_case.test_teach.Test_teachstu object at 0x042AD070>\nbrowser = <selenium.webdriver.chrome.webdriver.WebDriver (session=\"bd8d02c7d16bf9cca732c46ec23c76e7\")>\nlog_up = <commen.log.Log object at 0x03B37470>\n\n    @allure.description('添加课程，后取消排课')\n    def test_add_course(self, browser, log_up):        #登录后点击添加学员按钮\n        try:\n            log_up.info('测试用例：添加课程')\n            loginsuccess(browser)\n            teacher = Teach_page(browser)  # 实例化登录后的页面对象（mainpage）\n            teacher.addcourse()\n            teacher.switch_default_content()\n            teacher.switch_frame()\n            teacher.switch_table_clickstu()\n            teacher.switch_default_content()\n            teacher.close1()\n            teacher.frame()\n            teacher.click_save()\n            sleep(0.5)\n            teacher.accept_alert()\n>           teacher.loca_course()\n\ntest_case\\test_teach.py:26: \n_ _ _ _ _ _ _ _ _ _ _ _ _ _ _ _ _ _ _ _ _ _ _ _ _ _ _ _ _ _ _ _ _ _ _ _ _ _ _ _\npages\\teach_page.py:51: in loca_course\n    self.Click('css', '[title=\"班级:韩语课程\"]')\ncommen\\base.py:116: in Click\n    self.driver.find_element_by_css_selector(value).click()\nvenv\\lib\\site-packages\\selenium\\webdriver\\remote\\webdriver.py:598: in find_element_by_css_selector\n    return self.find_element(by=By.CSS_SELECTOR, value=css_selector)\nvenv\\lib\\site-packages\\selenium\\webdriver\\remote\\webdriver.py:978: in find_element\n    'value': value})['value']\nvenv\\lib\\site-packages\\selenium\\webdriver\\remote\\webdriver.py:321: in execute\n    self.error_handler.check_response(response)\n_ _ _ _ _ _ _ _ _ _ _ _ _ _ _ _ _ _ _ _ _ _ _ _ _ _ _ _ _ _ _ _ _ _ _ _ _ _ _ _\n\nself = <selenium.webdriver.remote.errorhandler.ErrorHandler object at 0x03B37B70>\nresponse = {'status': 404, 'value': '{\"value\":{\"error\":\"no such element\",\"message\":\"no such element: Unable to locate element: {\\...\\n\\\\tRtlGetAppContainerNamedObjectPath [0x777074B4+228]\\\\n\\\\tRtlGetAppContainerNamedObjectPath [0x77707484+180]\\\\n\"}}'}\n\n    def check_response(self, response):\n        \"\"\"\n        Checks that a JSON response from the WebDriver does not have an error.\n    \n        :Args:\n         - response - The JSON response from the WebDriver server as a dictionary\n           object.\n    \n        :Raises: If the response contains an error message.\n        \"\"\"\n        status = response.get('status', None)\n        if status is None or status == ErrorCode.SUCCESS:\n            return\n        value = None\n        message = response.get(\"message\", \"\")\n        screen = response.get(\"screen\", \"\")\n        stacktrace = None\n        if isinstance(status, int):\n            value_json = response.get('value', None)\n            if value_json and isinstance(value_json, basestring):\n                import json\n                try:\n                    value = json.loads(value_json)\n                    if len(value.keys()) == 1:\n                        value = value['value']\n                    status = value.get('error', None)\n                    if status is None:\n                        status = value[\"status\"]\n                        message = value[\"value\"]\n                        if not isinstance(message, basestring):\n                            value = message\n                            message = message.get('message')\n                    else:\n                        message = value.get('message', None)\n                except ValueError:\n                    pass\n    \n        exception_class = ErrorInResponseException\n        if status in ErrorCode.NO_SUCH_ELEMENT:\n            exception_class = NoSuchElementException\n        elif status in ErrorCode.NO_SUCH_FRAME:\n            exception_class = NoSuchFrameException\n        elif status in ErrorCode.NO_SUCH_WINDOW:\n            exception_class = NoSuchWindowException\n        elif status in ErrorCode.STALE_ELEMENT_REFERENCE:\n            exception_class = StaleElementReferenceException\n        elif status in ErrorCode.ELEMENT_NOT_VISIBLE:\n            exception_class = ElementNotVisibleException\n        elif status in ErrorCode.INVALID_ELEMENT_STATE:\n            exception_class = InvalidElementStateException\n        elif status in ErrorCode.INVALID_SELECTOR \\\n                or status in ErrorCode.INVALID_XPATH_SELECTOR \\\n                or status in ErrorCode.INVALID_XPATH_SELECTOR_RETURN_TYPER:\n            exception_class = InvalidSelectorException\n        elif status in ErrorCode.ELEMENT_IS_NOT_SELECTABLE:\n            exception_class = ElementNotSelectableException\n        elif status in ErrorCode.ELEMENT_NOT_INTERACTABLE:\n            exception_class = ElementNotInteractableException\n        elif status in ErrorCode.INVALID_COOKIE_DOMAIN:\n            exception_class = InvalidCookieDomainException\n        elif status in ErrorCode.UNABLE_TO_SET_COOKIE:\n            exception_class = UnableToSetCookieException\n        elif status in ErrorCode.TIMEOUT:\n            exception_class = TimeoutException\n        elif status in ErrorCode.SCRIPT_TIMEOUT:\n            exception_class = TimeoutException\n        elif status in ErrorCode.UNKNOWN_ERROR:\n            exception_class = WebDriverException\n        elif status in ErrorCode.UNEXPECTED_ALERT_OPEN:\n            exception_class = UnexpectedAlertPresentException\n        elif status in ErrorCode.NO_ALERT_OPEN:\n            exception_class = NoAlertPresentException\n        elif status in ErrorCode.IME_NOT_AVAILABLE:\n            exception_class = ImeNotAvailableException\n        elif status in ErrorCode.IME_ENGINE_ACTIVATION_FAILED:\n            exception_class = ImeActivationFailedException\n        elif status in ErrorCode.MOVE_TARGET_OUT_OF_BOUNDS:\n            exception_class = MoveTargetOutOfBoundsException\n        elif status in ErrorCode.JAVASCRIPT_ERROR:\n            exception_class = JavascriptException\n        elif status in ErrorCode.SESSION_NOT_CREATED:\n            exception_class = SessionNotCreatedException\n        elif status in ErrorCode.INVALID_ARGUMENT:\n            exception_class = InvalidArgumentException\n        elif status in ErrorCode.NO_SUCH_COOKIE:\n            exception_class = NoSuchCookieException\n        elif status in ErrorCode.UNABLE_TO_CAPTURE_SCREEN:\n            exception_class = ScreenshotException\n        elif status in ErrorCode.ELEMENT_CLICK_INTERCEPTED:\n            exception_class = ElementClickInterceptedException\n        elif status in ErrorCode.INSECURE_CERTIFICATE:\n            exception_class = InsecureCertificateException\n        elif status in ErrorCode.INVALID_COORDINATES:\n            exception_class = InvalidCoordinatesException\n        elif status in ErrorCode.INVALID_SESSION_ID:\n            exception_class = InvalidSessionIdException\n        elif status in ErrorCode.UNKNOWN_METHOD:\n            exception_class = UnknownMethodException\n        else:\n            exception_class = WebDriverException\n        if value == '' or value is None:\n            value = response['value']\n        if isinstance(value, basestring):\n            if exception_class == ErrorInResponseException:\n                raise exception_class(response, value)\n            raise exception_class(value)\n        if message == \"\" and 'message' in value:\n            message = value['message']\n    \n        screen = None\n        if 'screen' in value:\n            screen = value['screen']\n    \n        stacktrace = None\n        if 'stackTrace' in value and value['stackTrace']:\n            stacktrace = []\n            try:\n                for frame in value['stackTrace']:\n                    line = self._value_or_default(frame, 'lineNumber', '')\n                    file = self._value_or_default(frame, 'fileName', '<anonymous>')\n                    if line:\n                        file = \"%s:%s\" % (file, line)\n                    meth = self._value_or_default(frame, 'methodName', '<anonymous>')\n                    if 'className' in frame:\n                        meth = \"%s.%s\" % (frame['className'], meth)\n                    msg = \"    at %s (%s)\"\n                    msg = msg % (meth, file)\n                    stacktrace.append(msg)\n            except TypeError:\n                pass\n        if exception_class == ErrorInResponseException:\n            raise exception_class(response, message)\n        elif exception_class == UnexpectedAlertPresentException:\n            alert_text = None\n            if 'data' in value:\n                alert_text = value['data'].get('text')\n            elif 'alert' in value:\n                alert_text = value['alert'].get('text')\n            raise exception_class(message, screen, stacktrace, alert_text)\n>       raise exception_class(message, screen, stacktrace)\nE       selenium.common.exceptions.NoSuchElementException: Message: no such element: Unable to locate element: {\"method\":\"css selector\",\"selector\":\"[title=\"班级:韩语课程\"]\"}\nE         (Session info: chrome=86.0.4240.75)\n\nvenv\\lib\\site-packages\\selenium\\webdriver\\remote\\errorhandler.py:242: NoSuchElementException",
  "flaky" : false,
  "newFailed" : false,
  "beforeStages" : [ {
    "name" : "browser",
    "time" : {
      "start" : 1603070978731,
      "stop" : 1603070987349,
      "duration" : 8618
    },
    "status" : "passed",
    "steps" : [ ],
    "attachments" : [ ],
    "parameters" : [ ],
    "shouldDisplayMessage" : false,
    "attachmentsCount" : 0,
    "stepsCount" : 0,
    "hasContent" : false
  }, {
    "name" : "log_up",
    "time" : {
      "start" : 1603070987349,
      "stop" : 1603070987350,
      "duration" : 1
    },
    "status" : "passed",
    "steps" : [ ],
    "attachments" : [ ],
    "parameters" : [ ],
    "shouldDisplayMessage" : false,
    "attachmentsCount" : 0,
    "stepsCount" : 0,
    "hasContent" : false
  }, {
    "name" : "teardown_func",
    "time" : {
      "start" : 1603071019042,
      "stop" : 1603071019042,
      "duration" : 0
    },
    "status" : "passed",
    "steps" : [ ],
    "attachments" : [ ],
    "parameters" : [ ],
    "shouldDisplayMessage" : false,
    "attachmentsCount" : 0,
    "stepsCount" : 0,
    "hasContent" : false
  } ],
  "testStage" : {
    "description" : "添加课程，后取消排课",
    "status" : "broken",
    "statusMessage" : "selenium.common.exceptions.NoSuchElementException: Message: no such element: Unable to locate element: {\"method\":\"css selector\",\"selector\":\"[title=\"班级:韩语课程\"]\"}\n  (Session info: chrome=86.0.4240.75)",
    "statusTrace" : "self = <UI_automation.test_case.test_teach.Test_teachstu object at 0x042AD070>\nbrowser = <selenium.webdriver.chrome.webdriver.WebDriver (session=\"bd8d02c7d16bf9cca732c46ec23c76e7\")>\nlog_up = <commen.log.Log object at 0x03B37470>\n\n    @allure.description('添加课程，后取消排课')\n    def test_add_course(self, browser, log_up):        #登录后点击添加学员按钮\n        try:\n            log_up.info('测试用例：添加课程')\n            loginsuccess(browser)\n            teacher = Teach_page(browser)  # 实例化登录后的页面对象（mainpage）\n            teacher.addcourse()\n            teacher.switch_default_content()\n            teacher.switch_frame()\n            teacher.switch_table_clickstu()\n            teacher.switch_default_content()\n            teacher.close1()\n            teacher.frame()\n            teacher.click_save()\n            sleep(0.5)\n            teacher.accept_alert()\n>           teacher.loca_course()\n\ntest_case\\test_teach.py:26: \n_ _ _ _ _ _ _ _ _ _ _ _ _ _ _ _ _ _ _ _ _ _ _ _ _ _ _ _ _ _ _ _ _ _ _ _ _ _ _ _\npages\\teach_page.py:51: in loca_course\n    self.Click('css', '[title=\"班级:韩语课程\"]')\ncommen\\base.py:116: in Click\n    self.driver.find_element_by_css_selector(value).click()\nvenv\\lib\\site-packages\\selenium\\webdriver\\remote\\webdriver.py:598: in find_element_by_css_selector\n    return self.find_element(by=By.CSS_SELECTOR, value=css_selector)\nvenv\\lib\\site-packages\\selenium\\webdriver\\remote\\webdriver.py:978: in find_element\n    'value': value})['value']\nvenv\\lib\\site-packages\\selenium\\webdriver\\remote\\webdriver.py:321: in execute\n    self.error_handler.check_response(response)\n_ _ _ _ _ _ _ _ _ _ _ _ _ _ _ _ _ _ _ _ _ _ _ _ _ _ _ _ _ _ _ _ _ _ _ _ _ _ _ _\n\nself = <selenium.webdriver.remote.errorhandler.ErrorHandler object at 0x03B37B70>\nresponse = {'status': 404, 'value': '{\"value\":{\"error\":\"no such element\",\"message\":\"no such element: Unable to locate element: {\\...\\n\\\\tRtlGetAppContainerNamedObjectPath [0x777074B4+228]\\\\n\\\\tRtlGetAppContainerNamedObjectPath [0x77707484+180]\\\\n\"}}'}\n\n    def check_response(self, response):\n        \"\"\"\n        Checks that a JSON response from the WebDriver does not have an error.\n    \n        :Args:\n         - response - The JSON response from the WebDriver server as a dictionary\n           object.\n    \n        :Raises: If the response contains an error message.\n        \"\"\"\n        status = response.get('status', None)\n        if status is None or status == ErrorCode.SUCCESS:\n            return\n        value = None\n        message = response.get(\"message\", \"\")\n        screen = response.get(\"screen\", \"\")\n        stacktrace = None\n        if isinstance(status, int):\n            value_json = response.get('value', None)\n            if value_json and isinstance(value_json, basestring):\n                import json\n                try:\n                    value = json.loads(value_json)\n                    if len(value.keys()) == 1:\n                        value = value['value']\n                    status = value.get('error', None)\n                    if status is None:\n                        status = value[\"status\"]\n                        message = value[\"value\"]\n                        if not isinstance(message, basestring):\n                            value = message\n                            message = message.get('message')\n                    else:\n                        message = value.get('message', None)\n                except ValueError:\n                    pass\n    \n        exception_class = ErrorInResponseException\n        if status in ErrorCode.NO_SUCH_ELEMENT:\n            exception_class = NoSuchElementException\n        elif status in ErrorCode.NO_SUCH_FRAME:\n            exception_class = NoSuchFrameException\n        elif status in ErrorCode.NO_SUCH_WINDOW:\n            exception_class = NoSuchWindowException\n        elif status in ErrorCode.STALE_ELEMENT_REFERENCE:\n            exception_class = StaleElementReferenceException\n        elif status in ErrorCode.ELEMENT_NOT_VISIBLE:\n            exception_class = ElementNotVisibleException\n        elif status in ErrorCode.INVALID_ELEMENT_STATE:\n            exception_class = InvalidElementStateException\n        elif status in ErrorCode.INVALID_SELECTOR \\\n                or status in ErrorCode.INVALID_XPATH_SELECTOR \\\n                or status in ErrorCode.INVALID_XPATH_SELECTOR_RETURN_TYPER:\n            exception_class = InvalidSelectorException\n        elif status in ErrorCode.ELEMENT_IS_NOT_SELECTABLE:\n            exception_class = ElementNotSelectableException\n        elif status in ErrorCode.ELEMENT_NOT_INTERACTABLE:\n            exception_class = ElementNotInteractableException\n        elif status in ErrorCode.INVALID_COOKIE_DOMAIN:\n            exception_class = InvalidCookieDomainException\n        elif status in ErrorCode.UNABLE_TO_SET_COOKIE:\n            exception_class = UnableToSetCookieException\n        elif status in ErrorCode.TIMEOUT:\n            exception_class = TimeoutException\n        elif status in ErrorCode.SCRIPT_TIMEOUT:\n            exception_class = TimeoutException\n        elif status in ErrorCode.UNKNOWN_ERROR:\n            exception_class = WebDriverException\n        elif status in ErrorCode.UNEXPECTED_ALERT_OPEN:\n            exception_class = UnexpectedAlertPresentException\n        elif status in ErrorCode.NO_ALERT_OPEN:\n            exception_class = NoAlertPresentException\n        elif status in ErrorCode.IME_NOT_AVAILABLE:\n            exception_class = ImeNotAvailableException\n        elif status in ErrorCode.IME_ENGINE_ACTIVATION_FAILED:\n            exception_class = ImeActivationFailedException\n        elif status in ErrorCode.MOVE_TARGET_OUT_OF_BOUNDS:\n            exception_class = MoveTargetOutOfBoundsException\n        elif status in ErrorCode.JAVASCRIPT_ERROR:\n            exception_class = JavascriptException\n        elif status in ErrorCode.SESSION_NOT_CREATED:\n            exception_class = SessionNotCreatedException\n        elif status in ErrorCode.INVALID_ARGUMENT:\n            exception_class = InvalidArgumentException\n        elif status in ErrorCode.NO_SUCH_COOKIE:\n            exception_class = NoSuchCookieException\n        elif status in ErrorCode.UNABLE_TO_CAPTURE_SCREEN:\n            exception_class = ScreenshotException\n        elif status in ErrorCode.ELEMENT_CLICK_INTERCEPTED:\n            exception_class = ElementClickInterceptedException\n        elif status in ErrorCode.INSECURE_CERTIFICATE:\n            exception_class = InsecureCertificateException\n        elif status in ErrorCode.INVALID_COORDINATES:\n            exception_class = InvalidCoordinatesException\n        elif status in ErrorCode.INVALID_SESSION_ID:\n            exception_class = InvalidSessionIdException\n        elif status in ErrorCode.UNKNOWN_METHOD:\n            exception_class = UnknownMethodException\n        else:\n            exception_class = WebDriverException\n        if value == '' or value is None:\n            value = response['value']\n        if isinstance(value, basestring):\n            if exception_class == ErrorInResponseException:\n                raise exception_class(response, value)\n            raise exception_class(value)\n        if message == \"\" and 'message' in value:\n            message = value['message']\n    \n        screen = None\n        if 'screen' in value:\n            screen = value['screen']\n    \n        stacktrace = None\n        if 'stackTrace' in value and value['stackTrace']:\n            stacktrace = []\n            try:\n                for frame in value['stackTrace']:\n                    line = self._value_or_default(frame, 'lineNumber', '')\n                    file = self._value_or_default(frame, 'fileName', '<anonymous>')\n                    if line:\n                        file = \"%s:%s\" % (file, line)\n                    meth = self._value_or_default(frame, 'methodName', '<anonymous>')\n                    if 'className' in frame:\n                        meth = \"%s.%s\" % (frame['className'], meth)\n                    msg = \"    at %s (%s)\"\n                    msg = msg % (meth, file)\n                    stacktrace.append(msg)\n            except TypeError:\n                pass\n        if exception_class == ErrorInResponseException:\n            raise exception_class(response, message)\n        elif exception_class == UnexpectedAlertPresentException:\n            alert_text = None\n            if 'data' in value:\n                alert_text = value['data'].get('text')\n            elif 'alert' in value:\n                alert_text = value['alert'].get('text')\n            raise exception_class(message, screen, stacktrace, alert_text)\n>       raise exception_class(message, screen, stacktrace)\nE       selenium.common.exceptions.NoSuchElementException: Message: no such element: Unable to locate element: {\"method\":\"css selector\",\"selector\":\"[title=\"班级:韩语课程\"]\"}\nE         (Session info: chrome=86.0.4240.75)\n\nvenv\\lib\\site-packages\\selenium\\webdriver\\remote\\errorhandler.py:242: NoSuchElementException",
    "steps" : [ {
      "name" : "添加失败截图...",
      "time" : {
        "start" : 1603071026303,
        "stop" : 1603071026611,
        "duration" : 308
      },
      "status" : "passed",
      "steps" : [ ],
      "attachments" : [ {
        "uid" : "7eef590fdbd7378c",
        "name" : "失败截图",
        "source" : "7eef590fdbd7378c.png",
        "type" : "image/png",
        "size" : 85605
      } ],
      "parameters" : [ ],
      "shouldDisplayMessage" : false,
      "attachmentsCount" : 1,
      "stepsCount" : 0,
      "hasContent" : true
    } ],
    "attachments" : [ {
      "uid" : "2baf81438febf17a",
      "name" : "log",
      "source" : "2baf81438febf17a.txt",
      "type" : "text/plain",
      "size" : 58766
    }, {
      "uid" : "ae87633db1e4e34a",
      "name" : "stdout",
      "source" : "ae87633db1e4e34a.txt",
      "type" : "text/plain",
      "size" : 181
    }, {
      "uid" : "421aa26402d6dfea",
      "name" : "stderr",
      "source" : "421aa26402d6dfea.txt",
      "type" : "text/plain",
      "size" : 1252
    } ],
    "parameters" : [ ],
    "shouldDisplayMessage" : true,
    "attachmentsCount" : 4,
    "stepsCount" : 1,
    "hasContent" : true
  },
  "afterStages" : [ {
    "name" : "browser::0",
    "time" : {
      "start" : 1603071026679,
      "stop" : 1603071029017,
      "duration" : 2338
    },
    "status" : "passed",
    "steps" : [ ],
    "attachments" : [ ],
    "parameters" : [ ],
    "shouldDisplayMessage" : false,
    "attachmentsCount" : 0,
    "stepsCount" : 0,
    "hasContent" : false
  }, {
    "name" : "teardown_func::0",
    "time" : {
      "start" : 1603071026616,
      "stop" : 1603071026677,
      "duration" : 61
    },
    "status" : "passed",
    "steps" : [ ],
    "attachments" : [ ],
    "parameters" : [ ],
    "shouldDisplayMessage" : false,
    "attachmentsCount" : 0,
    "stepsCount" : 0,
    "hasContent" : false
  } ],
  "labels" : [ {
    "name" : "parentSuite",
    "value" : "test_case"
  }, {
    "name" : "suite",
    "value" : "test_teach"
  }, {
    "name" : "subSuite",
    "value" : "Test_teachstu"
  }, {
    "name" : "host",
    "value" : "TX5C3S1L7D31UYD"
  }, {
    "name" : "thread",
    "value" : "22056-MainThread"
  }, {
    "name" : "framework",
    "value" : "pytest"
  }, {
    "name" : "language",
    "value" : "cpython3"
  }, {
    "name" : "package",
    "value" : "test_case.test_teach"
  }, {
    "name" : "resultFormat",
    "value" : "allure2"
  } ],
  "parameters" : [ ],
  "links" : [ ],
  "hidden" : false,
  "retry" : false,
  "extra" : {
    "severity" : "normal",
    "retries" : [ {
      "uid" : "14053bba36d9c97c",
      "status" : "broken",
      "statusDetails" : "selenium.common.exceptions.NoSuchElementException: Message: no such element: Unable to locate element: {\"method\":\"css selector\",\"selector\":\"[title=\"班级:韩语课程\"]\"}\n  (Session info: chrome=85.0.4183.121)",
      "time" : {
        "start" : 1602746592992,
        "stop" : 1602746610316,
        "duration" : 17324
      }
    }, {
      "uid" : "ce03a0b0ff1cac3",
      "status" : "broken",
      "statusDetails" : "selenium.common.exceptions.NoSuchElementException: Message: no such element: Unable to locate element: {\"method\":\"css selector\",\"selector\":\"[title=\"班级:韩语课程\"]\"}\n  (Session info: chrome=85.0.4183.121)",
      "time" : {
        "start" : 1602559866881,
        "stop" : 1602559877584,
        "duration" : 10703
      }
    }, {
      "uid" : "4d3456f10ac988b",
      "status" : "broken",
      "statusDetails" : "selenium.common.exceptions.NoSuchElementException: Message: no such element: Unable to locate element: {\"method\":\"css selector\",\"selector\":\"[title=\"班级:韩语课程\"]\"}\n  (Session info: chrome=85.0.4183.121)",
      "time" : {
        "start" : 1602499461512,
        "stop" : 1602499470094,
        "duration" : 8582
      }
    }, {
      "uid" : "f11cc7afc21ce795",
      "status" : "broken",
      "statusDetails" : "selenium.common.exceptions.NoSuchElementException: Message: no such element: Unable to locate element: {\"method\":\"css selector\",\"selector\":\"[title=\"班级:韩语课程\"]\"}\n  (Session info: chrome=85.0.4183.121)",
      "time" : {
        "start" : 1602498836318,
        "stop" : 1602498844565,
        "duration" : 8247
      }
    }, {
      "uid" : "7d34ee28389c5e40",
      "status" : "broken",
      "statusDetails" : "selenium.common.exceptions.TimeoutException: Message:",
      "time" : {
        "start" : 1602467329479,
        "stop" : 1602467335515,
        "duration" : 6036
      }
    }, {
      "uid" : "2bf53dfb6967e924",
      "status" : "passed",
      "time" : {
        "start" : 1602230618933,
        "stop" : 1602230633331,
        "duration" : 14398
      }
    }, {
      "uid" : "6567bafb74abea11",
      "status" : "passed",
      "time" : {
        "start" : 1602230487248,
        "stop" : 1602230501976,
        "duration" : 14728
      }
    }, {
      "uid" : "6274753ce2129133",
      "status" : "passed",
      "time" : {
        "start" : 1602230376127,
        "stop" : 1602230392442,
        "duration" : 16315
      }
    }, {
      "uid" : "9e2ce563d6604085",
      "status" : "passed",
      "time" : {
        "start" : 1602228548616,
        "stop" : 1602228571997,
        "duration" : 23381
      }
    }, {
      "uid" : "b3af55baea49433b",
      "status" : "passed",
      "time" : {
        "start" : 1602228251235,
        "stop" : 1602228283315,
        "duration" : 32080
      }
    }, {
      "uid" : "17c3ffdf02ef614d",
      "status" : "broken",
      "statusDetails" : "selenium.common.exceptions.ElementNotInteractableException: Message: element not interactable\n  (Session info: chrome=85.0.4183.121)",
      "time" : {
        "start" : 1602227941832,
        "stop" : 1602227963655,
        "duration" : 21823
      }
    }, {
      "uid" : "920d1f6ca53562c9",
      "status" : "passed",
      "time" : {
        "start" : 1602225825638,
        "stop" : 1602225858579,
        "duration" : 32941
      }
    }, {
      "uid" : "c591ad968946c0b4",
      "status" : "passed",
      "time" : {
        "start" : 1602225667896,
        "stop" : 1602225699698,
        "duration" : 31802
      }
    }, {
      "uid" : "da41f7742d3c9fb2",
      "status" : "passed",
      "time" : {
        "start" : 1602225536712,
        "stop" : 1602225569232,
        "duration" : 32520
      }
    }, {
      "uid" : "6a85d4e3974f1d8e",
      "status" : "passed",
      "time" : {
        "start" : 1602213174452,
        "stop" : 1602213184627,
        "duration" : 10175
      }
    }, {
      "uid" : "d60480a3ead012bb",
      "status" : "passed",
      "time" : {
        "start" : 1602213119230,
        "stop" : 1602213135459,
        "duration" : 16229
      }
    }, {
      "uid" : "f92a486860a612ae",
      "status" : "passed",
      "time" : {
        "start" : 1602212885164,
        "stop" : 1602212903552,
        "duration" : 18388
      }
    }, {
      "uid" : "970821e73e20abe3",
      "status" : "passed",
      "time" : {
        "start" : 1602211967241,
        "stop" : 1602211979658,
        "duration" : 12417
      }
    }, {
      "uid" : "8f809acb8e28b576",
      "status" : "broken",
      "statusDetails" : "selenium.common.exceptions.UnexpectedAlertPresentException: Alert Text: 保存成功！\nMessage: unexpected alert open: {Alert text : 保存成功！}\n  (Session info: chrome=85.0.4183.121)",
      "time" : {
        "start" : 1602211891203,
        "stop" : 1602211902278,
        "duration" : 11075
      }
    }, {
      "uid" : "89d02baf5ec131b2",
      "status" : "broken",
      "statusDetails" : "selenium.common.exceptions.NoSuchElementException: Message: Cannot locate option with value: cc8fe4a9-2eea-4908-a07b-04d6833f5070",
      "time" : {
        "start" : 1602211857871,
        "stop" : 1602211868246,
        "duration" : 10375
      }
    } ],
    "categories" : [ {
      "name" : "Test defects",
      "matchedStatuses" : [ ],
      "flaky" : false
    } ],
    "tags" : [ ]
  },
  "source" : "c89b5a4930e1037a.json",
  "parameterValues" : [ ]
}