{
  "uid" : "d5c1d36bddb47ae7",
  "name" : "test_add_success",
  "fullName" : "test_case.test_addstu.Test_Addstudents#test_add_success",
  "historyId" : "702c2dc738ce1aa16faec0e2ea26bb79",
  "time" : {
    "start" : 1602213155698,
    "stop" : 1602213174043,
    "duration" : 18345
  },
  "status" : "failed",
  "statusMessage" : "AssertionError: assert '分分1' == '分分'\n  - 分分\n  + 分分1\n  ?   +",
  "statusTrace" : "self = <UI_automation.test_case.test_addstu.Test_Addstudents object at 0x04039D10>\nbrowser = <selenium.webdriver.chrome.webdriver.WebDriver (session=\"9e811151f3679093e66b3134a897be65\")>\nlog_up = <commen.log.Log object at 0x0405FD70>\n\n    def test_add_success(self, browser, log_up):        #登录后点击添加学员按钮\n        try:\n            log_up.info('测试用例：添加学员')\n            loginsuccess(browser)\n            main = mainpage(browser)  # 实例化登录后的页面对象（mainpage）\n            main.addstudent()\n            main.clicksave()\n            sleep(0.5)\n            main.switch_alert()\n            name = main.locate().text\n            with allure.step('截图验证'):\n                browser.save_screenshot(\"./Picture/學員名稱.png\")\n                allure.attach.file(\"./Picture/學員名稱.png\", \"截图\", attachment_type=allure.attachment_type.PNG)\n>           assert name == '分分'\nE           AssertionError: assert '分分1' == '分分'\nE             - 分分\nE             + 分分1\nE             ?   +\n\ntest_case\\test_addstu.py:24: AssertionError",
  "flaky" : false,
  "newFailed" : false,
  "beforeStages" : [ {
    "name" : "log_up",
    "time" : {
      "start" : 1602213155697,
      "stop" : 1602213155697,
      "duration" : 0
    },
    "status" : "passed",
    "steps" : [ ],
    "attachments" : [ ],
    "parameters" : [ ],
    "shouldDisplayMessage" : false,
    "attachmentsCount" : 0,
    "stepsCount" : 0,
    "hasContent" : false
  }, {
    "name" : "teardown_func",
    "time" : {
      "start" : 1602213155697,
      "stop" : 1602213155697,
      "duration" : 0
    },
    "status" : "passed",
    "steps" : [ ],
    "attachments" : [ ],
    "parameters" : [ ],
    "shouldDisplayMessage" : false,
    "attachmentsCount" : 0,
    "stepsCount" : 0,
    "hasContent" : false
  }, {
    "name" : "browser",
    "time" : {
      "start" : 1602213150039,
      "stop" : 1602213155697,
      "duration" : 5658
    },
    "status" : "passed",
    "steps" : [ ],
    "attachments" : [ ],
    "parameters" : [ ],
    "shouldDisplayMessage" : false,
    "attachmentsCount" : 0,
    "stepsCount" : 0,
    "hasContent" : false
  } ],
  "testStage" : {
    "status" : "failed",
    "statusMessage" : "AssertionError: assert '分分1' == '分分'\n  - 分分\n  + 分分1\n  ?   +",
    "statusTrace" : "self = <UI_automation.test_case.test_addstu.Test_Addstudents object at 0x04039D10>\nbrowser = <selenium.webdriver.chrome.webdriver.WebDriver (session=\"9e811151f3679093e66b3134a897be65\")>\nlog_up = <commen.log.Log object at 0x0405FD70>\n\n    def test_add_success(self, browser, log_up):        #登录后点击添加学员按钮\n        try:\n            log_up.info('测试用例：添加学员')\n            loginsuccess(browser)\n            main = mainpage(browser)  # 实例化登录后的页面对象（mainpage）\n            main.addstudent()\n            main.clicksave()\n            sleep(0.5)\n            main.switch_alert()\n            name = main.locate().text\n            with allure.step('截图验证'):\n                browser.save_screenshot(\"./Picture/學員名稱.png\")\n                allure.attach.file(\"./Picture/學員名稱.png\", \"截图\", attachment_type=allure.attachment_type.PNG)\n>           assert name == '分分'\nE           AssertionError: assert '分分1' == '分分'\nE             - 分分\nE             + 分分1\nE             ?   +\n\ntest_case\\test_addstu.py:24: AssertionError",
    "steps" : [ {
      "name" : "截图验证",
      "time" : {
        "start" : 1602213173765,
        "stop" : 1602213174039,
        "duration" : 274
      },
      "status" : "passed",
      "steps" : [ ],
      "attachments" : [ {
        "uid" : "f4e750b60381c18c",
        "name" : "截图",
        "source" : "f4e750b60381c18c.png",
        "type" : "image/png",
        "size" : 121511
      } ],
      "parameters" : [ ],
      "shouldDisplayMessage" : false,
      "attachmentsCount" : 1,
      "stepsCount" : 0,
      "hasContent" : true
    }, {
      "name" : "添加失败截图...",
      "time" : {
        "start" : 1602213174086,
        "stop" : 1602213174389,
        "duration" : 303
      },
      "status" : "passed",
      "steps" : [ ],
      "attachments" : [ {
        "uid" : "dc761297af883b96",
        "name" : "失败截图",
        "source" : "dc761297af883b96.png",
        "type" : "image/png",
        "size" : 121511
      } ],
      "parameters" : [ ],
      "shouldDisplayMessage" : false,
      "attachmentsCount" : 1,
      "stepsCount" : 0,
      "hasContent" : true
    } ],
    "attachments" : [ {
      "uid" : "225376d89006401a",
      "name" : "log",
      "source" : "225376d89006401a.txt",
      "type" : "text/plain",
      "size" : 18573
    }, {
      "uid" : "b5aef0dcb1cb9128",
      "name" : "stdout",
      "source" : "b5aef0dcb1cb9128.txt",
      "type" : "text/plain",
      "size" : 81
    }, {
      "uid" : "16aad48dfb2cd567",
      "name" : "stderr",
      "source" : "16aad48dfb2cd567.txt",
      "type" : "text/plain",
      "size" : 865
    } ],
    "parameters" : [ ],
    "shouldDisplayMessage" : true,
    "attachmentsCount" : 5,
    "stepsCount" : 2,
    "hasContent" : true
  },
  "afterStages" : [ {
    "name" : "teardown_func::0",
    "time" : {
      "start" : 1602213174390,
      "stop" : 1602213174447,
      "duration" : 57
    },
    "status" : "passed",
    "steps" : [ ],
    "attachments" : [ ],
    "parameters" : [ ],
    "shouldDisplayMessage" : false,
    "attachmentsCount" : 0,
    "stepsCount" : 0,
    "hasContent" : false
  }, {
    "name" : "browser::0",
    "time" : {
      "start" : 1602213184704,
      "stop" : 1602213186960,
      "duration" : 2256
    },
    "status" : "passed",
    "steps" : [ ],
    "attachments" : [ ],
    "parameters" : [ ],
    "shouldDisplayMessage" : false,
    "attachmentsCount" : 0,
    "stepsCount" : 0,
    "hasContent" : false
  } ],
  "labels" : [ {
    "name" : "parentSuite",
    "value" : "test_case"
  }, {
    "name" : "suite",
    "value" : "test_addstu"
  }, {
    "name" : "subSuite",
    "value" : "Test_Addstudents"
  }, {
    "name" : "host",
    "value" : "TX5C3S1L7D31UYD"
  }, {
    "name" : "thread",
    "value" : "19076-MainThread"
  }, {
    "name" : "framework",
    "value" : "pytest"
  }, {
    "name" : "language",
    "value" : "cpython3"
  }, {
    "name" : "package",
    "value" : "test_case.test_addstu"
  }, {
    "name" : "resultFormat",
    "value" : "allure2"
  } ],
  "parameters" : [ ],
  "links" : [ ],
  "hidden" : true,
  "retry" : true,
  "extra" : {
    "categories" : [ ],
    "tags" : [ ]
  },
  "source" : "d5c1d36bddb47ae7.json",
  "parameterValues" : [ ]
}